<?xml version="1.0" encoding="UTF-8"?>
<!-- Generated by org.testng.reporters.JUnitReportReporter -->
<testsuite hostname="DESKTOP-5R3J6MP" name="com.xcm.Leo.cases.Login" tests="1" failures="0" timestamp="16 Jul 2018 02:43:22 GMT" time="11.909" errors="0">
  <testcase name="loginXcm" time="11.909" classname="com.xcm.Leo.cases.Login"/>
</testsuite> <!-- com.xcm.Leo.cases.Login -->
