<?xml version="1.0" encoding="UTF-8"?>
<!-- Generated by org.testng.reporters.JUnitReportReporter -->
<testsuite hostname="DESKTOP-5R3J6MP" name="com.xcm.Leo.cases.Login" tests="1" failures="0" timestamp="6 Jul 2018 11:57:34 GMT" time="9.813" errors="0">
  <testcase name="loginXcm" time="9.813" classname="com.xcm.Leo.cases.Login"/>
</testsuite> <!-- com.xcm.Leo.cases.Login -->
